<?xml version="1.0" encoding="UTF-8"?>
<!-- Generated by org.testng.reporters.JUnitReportReporter -->
<testsuite skipped="0" hostname="BWAW_500" name="JenkinsAnt.JenkinsTest" tests="1" failures="0" timestamp="15 Dec 2017 07:11:59 GMT" time="4.611" errors="0">
  <testcase name="TestAnt" time="4.611" classname="JenkinsAnt.JenkinsTest"/>
</testsuite> <!-- JenkinsAnt.JenkinsTest -->
